<?xml version="1.0" encoding="UTF-8"?>
<coverage generated="1566383609421" clover="3.2.0">
  <project timestamp="1566383609421" name="All files">
    <metrics statements="31" coveredstatements="30" conditionals="6" coveredconditionals="4" methods="7" coveredmethods="7" elements="44" coveredelements="41" complexity="0" loc="31" ncloc="31" packages="2" files="3" classes="3">
      <package name="ReactNativeTestingSample">
        <metrics statements="8" coveredstatements="8" conditionals="2" coveredconditionals="1" methods="1" coveredmethods="1"/>
        <file name="App.js" path="/Users/samsularifin/Documents/Workshop React Native/ReactNativeTestingSample/App.js">
          <metrics statements="8" coveredstatements="8" conditionals="2" coveredconditionals="1" methods="1" coveredmethods="1"/>
          <line num="1" count="1" type="stmt"/>
          <line num="9" count="1" type="stmt"/>
          <line num="10" count="1" type="stmt"/>
          <line num="19" count="1" type="stmt"/>
          <line num="27" count="1" type="stmt"/>
          <line num="28" count="1" type="stmt"/>
          <line num="75" count="1" type="stmt"/>
          <line num="114" count="1" type="stmt"/>
        </file>
      </package>
      <package name="ReactNativeTestingSample.src">
        <metrics statements="23" coveredstatements="22" conditionals="4" coveredconditionals="3" methods="6" coveredmethods="6"/>
        <file name="Button.js" path="/Users/samsularifin/Documents/Workshop React Native/ReactNativeTestingSample/src/Button.js">
          <metrics statements="18" coveredstatements="17" conditionals="4" coveredconditionals="3" methods="4" coveredmethods="4"/>
          <line num="1" count="1" type="stmt"/>
          <line num="2" count="1" type="stmt"/>
          <line num="5" count="1" type="stmt"/>
          <line num="6" count="3" type="stmt"/>
          <line num="7" count="3" type="stmt"/>
          <line num="12" count="1" type="stmt"/>
          <line num="13" count="1" type="cond" truecount="1" falsecount="1"/>
          <line num="14" count="0" type="stmt"/>
          <line num="16" count="1" type="stmt"/>
          <line num="17" count="3" type="stmt"/>
          <line num="20" count="3" type="stmt"/>
          <line num="21" count="3" type="stmt"/>
          <line num="24" count="3" type="cond" truecount="2" falsecount="0"/>
          <line num="26" count="3" type="stmt"/>
          <line num="33" count="1" type="stmt"/>
          <line num="36" count="1" type="stmt"/>
          <line num="40" count="1" type="stmt"/>
          <line num="60" count="1" type="stmt"/>
        </file>
        <file name="MathHelper.js" path="/Users/samsularifin/Documents/Workshop React Native/ReactNativeTestingSample/src/MathHelper.js">
          <metrics statements="5" coveredstatements="5" conditionals="0" coveredconditionals="0" methods="2" coveredmethods="2"/>
          <line num="1" count="1" type="stmt"/>
          <line num="2" count="1" type="stmt"/>
          <line num="4" count="3" type="stmt"/>
          <line num="8" count="3" type="stmt"/>
          <line num="15" count="1" type="stmt"/>
        </file>
      </package>
    </metrics>
  </project>
</coverage>
