{"/Users/samsularifin/Documents/Workshop React Native/ReactNativeTestingSample/App.js": {"path":"/Users/samsularifin/Documents/Workshop React Native/ReactNativeTestingSample/App.js","statementMap":{"0":{"start":{"line":1,"column":43},"end":{"line":1,"column":99}},"1":{"start":{"line":1,"column":100},"end":{"line":1,"column":162}},"2":{"start":{"line":1,"column":162},"end":{"line":1,"column":187}},"3":{"start":{"line":9,"column":13},"end":{"line":9,"column":54}},"4":{"start":{"line":10,"column":19},"end":{"line":10,"column":42}},"5":{"start":{"line":19,"column":20},"end":{"line":19,"column":66}},"6":{"start":{"line":19,"column":86},"end":{"line":19,"column":171}},"7":{"start":{"line":27,"column":10},"end":{"line":73,"column":1}},"8":{"start":{"line":28,"column":2},"end":{"line":67,"column":126}},"9":{"start":{"line":75,"column":13},"end":{"line":110,"column":27}},"10":{"start":{"line":114,"column":0},"end":{"line":114,"column":3}},"11":{"start":{"line":114,"column":4},"end":{"line":114,"column":31}}},"fnMap":{"0":{"name":"App","decl":{"start":{"line":27,"column":19},"end":{"line":27,"column":22}},"loc":{"start":{"line":27,"column":25},"end":{"line":73,"column":1}},"line":27}},"branchMap":{"0":{"loc":{"start":{"line":36,"column":4},"end":{"line":38,"column":150}},"type":"cond-expr","locations":[{"start":{"line":36,"column":36},"end":{"line":36,"column":40}},{"start":{"line":37,"column":4},"end":{"line":38,"column":150}}],"line":36}},"s":{"0":1,"1":1,"2":1,"3":1,"4":1,"5":1,"6":1,"7":1,"8":1,"9":1,"10":1,"11":1},"f":{"0":1},"b":{"0":[1,0]},"_coverageSchema":"332fd63041d2c1bcb487cc26dd0d5f7d97098a6c","hash":"6b847078952abcc1007c79a5d5d23a73dc158e07"}
,"/Users/samsularifin/Documents/Workshop React Native/ReactNativeTestingSample/src/Button.js": {"path":"/Users/samsularifin/Documents/Workshop React Native/ReactNativeTestingSample/src/Button.js","statementMap":{"0":{"start":{"line":1,"column":42},"end":{"line":1,"column":97}},"1":{"start":{"line":1,"column":128},"end":{"line":1,"column":184}},"2":{"start":{"line":1,"column":185},"end":{"line":1,"column":247}},"3":{"start":{"line":1,"column":247},"end":{"line":1,"column":272}},"4":{"start":{"line":1,"column":295},"end":{"line":1,"column":367}},"5":{"start":{"line":1,"column":388},"end":{"line":1,"column":457}},"6":{"start":{"line":1,"column":492},"end":{"line":1,"column":575}},"7":{"start":{"line":1,"column":599},"end":{"line":1,"column":671}},"8":{"start":{"line":1,"column":689},"end":{"line":1,"column":755}},"9":{"start":{"line":1,"column":769},"end":{"line":1,"column":810}},"10":{"start":{"line":2,"column":19},"end":{"line":2,"column":42}},"11":{"start":{"line":2,"column":62},"end":{"line":2,"column":154}},"12":{"start":{"line":5,"column":9},"end":{"line":33,"column":43}},"13":{"start":{"line":5,"column":32},"end":{"line":5,"column":76}},"14":{"start":{"line":6,"column":36},"end":{"line":6,"column":80}},"15":{"start":{"line":7,"column":4},"end":{"line":7,"column":116}},"16":{"start":{"line":7,"column":116},"end":{"line":17,"column":6}},"17":{"start":{"line":12,"column":6},"end":{"line":12,"column":17}},"18":{"start":{"line":12,"column":28},"end":{"line":12,"column":47}},"19":{"start":{"line":12,"column":54},"end":{"line":12,"column":69}},"20":{"start":{"line":13,"column":6},"end":{"line":15,"column":7}},"21":{"start":{"line":14,"column":8},"end":{"line":14,"column":42}},"22":{"start":{"line":16,"column":6},"end":{"line":16,"column":16}},"23":{"start":{"line":17,"column":6},"end":{"line":17,"column":19}},"24":{"start":{"line":17,"column":20},"end":{"line":33,"column":10}},"25":{"start":{"line":20,"column":20},"end":{"line":20,"column":38}},"26":{"start":{"line":20,"column":51},"end":{"line":20,"column":67}},"27":{"start":{"line":21,"column":6},"end":{"line":21,"column":16}},"28":{"start":{"line":21,"column":25},"end":{"line":21,"column":43}},"29":{"start":{"line":21,"column":54},"end":{"line":21,"column":74}},"30":{"start":{"line":24,"column":27},"end":{"line":24,"column":126}},"31":{"start":{"line":26,"column":6},"end":{"line":29,"column":17}},"32":{"start":{"line":33,"column":10},"end":{"line":33,"column":24}},"33":{"start":{"line":36,"column":0},"end":{"line":37,"column":18}},"34":{"start":{"line":40,"column":13},"end":{"line":56,"column":23}},"35":{"start":{"line":60,"column":0},"end":{"line":60,"column":6}},"36":{"start":{"line":60,"column":7},"end":{"line":60,"column":34}}},"fnMap":{"0":{"name":"(anonymous_0)","decl":{"start":{"line":5,"column":9},"end":{"line":5,"column":10}},"loc":{"start":{"line":5,"column":31},"end":{"line":33,"column":25}},"line":5},"1":{"name":"Button","decl":{"start":{"line":6,"column":11},"end":{"line":6,"column":17}},"loc":{"start":{"line":6,"column":25},"end":{"line":17,"column":20}},"line":6},"2":{"name":"(anonymous_2)","decl":{"start":{"line":11,"column":21},"end":{"line":11,"column":22}},"loc":{"start":{"line":11,"column":33},"end":{"line":17,"column":5}},"line":11},"3":{"name":"render","decl":{"start":{"line":17,"column":89},"end":{"line":17,"column":95}},"loc":{"start":{"line":19,"column":4},"end":{"line":33,"column":5}},"line":19}},"branchMap":{"0":{"loc":{"start":{"line":13,"column":6},"end":{"line":15,"column":7}},"type":"if","locations":[{"start":{"line":13,"column":6},"end":{"line":15,"column":7}},{"start":{"line":13,"column":6},"end":{"line":15,"column":7}}],"line":13},"1":{"loc":{"start":{"line":24,"column":27},"end":{"line":24,"column":126}},"type":"cond-expr","locations":[{"start":{"line":24,"column":37},"end":{"line":24,"column":48}},{"start":{"line":24,"column":51},"end":{"line":24,"column":126}}],"line":24}},"s":{"0":1,"1":1,"2":1,"3":1,"4":1,"5":1,"6":1,"7":1,"8":1,"9":1,"10":1,"11":1,"12":1,"13":1,"14":3,"15":3,"16":3,"17":1,"18":1,"19":1,"20":1,"21":0,"22":1,"23":3,"24":1,"25":3,"26":3,"27":3,"28":3,"29":3,"30":3,"31":3,"32":1,"33":1,"34":1,"35":1,"36":1},"f":{"0":1,"1":3,"2":1,"3":3},"b":{"0":[0,1],"1":[2,1]},"_coverageSchema":"332fd63041d2c1bcb487cc26dd0d5f7d97098a6c","hash":"7dd8bdd5739a80be0f441c18bc60f8cb284cdbb2"}
,"/Users/samsularifin/Documents/Workshop React Native/ReactNativeTestingSample/src/MathHelper.js": {"path":"/Users/samsularifin/Documents/Workshop React Native/ReactNativeTestingSample/src/MathHelper.js","statementMap":{"0":{"start":{"line":1,"column":13},"end":{"line":1,"column":75}},"1":{"start":{"line":1,"column":75},"end":{"line":1,"column":100}},"2":{"start":{"line":2,"column":17},"end":{"line":9,"column":5}},"3":{"start":{"line":4,"column":4},"end":{"line":4,"column":17}},"4":{"start":{"line":8,"column":4},"end":{"line":8,"column":17}},"5":{"start":{"line":15,"column":0},"end":{"line":15,"column":10}},"6":{"start":{"line":15,"column":11},"end":{"line":15,"column":38}}},"fnMap":{"0":{"name":"jumlah","decl":{"start":{"line":3,"column":19},"end":{"line":3,"column":25}},"loc":{"start":{"line":3,"column":32},"end":{"line":5,"column":3}},"line":3},"1":{"name":"kurang","decl":{"start":{"line":7,"column":19},"end":{"line":7,"column":25}},"loc":{"start":{"line":7,"column":32},"end":{"line":9,"column":3}},"line":7}},"branchMap":{},"s":{"0":1,"1":1,"2":1,"3":3,"4":3,"5":1,"6":1},"f":{"0":3,"1":3},"b":{},"_coverageSchema":"332fd63041d2c1bcb487cc26dd0d5f7d97098a6c","hash":"27b78f939cb6477d5a70dfd1060328b0d04580e5"}
}
