TN:
SF:/Users/samsularifin/Documents/Workshop React Native/ReactNativeTestingSample/App.js
FN:27,App
FNF:1
FNH:1
FNDA:1,App
DA:1,1
DA:9,1
DA:10,1
DA:19,1
DA:27,1
DA:28,1
DA:75,1
DA:114,1
LF:8
LH:8
BRDA:36,0,0,1
BRDA:36,0,1,0
BRF:2
BRH:1
end_of_record
TN:
SF:/Users/samsularifin/Documents/Workshop React Native/ReactNativeTestingSample/src/Button.js
FN:5,(anonymous_0)
FN:6,Button
FN:11,(anonymous_2)
FN:17,render
FNF:4
FNH:4
FNDA:1,(anonymous_0)
FNDA:3,Button
FNDA:1,(anonymous_2)
FNDA:3,render
DA:1,1
DA:2,1
DA:5,1
DA:6,3
DA:7,3
DA:12,1
DA:13,1
DA:14,0
DA:16,1
DA:17,3
DA:20,3
DA:21,3
DA:24,3
DA:26,3
DA:33,1
DA:36,1
DA:40,1
DA:60,1
LF:18
LH:17
BRDA:13,0,0,0
BRDA:13,0,1,1
BRDA:24,1,0,2
BRDA:24,1,1,1
BRF:4
BRH:3
end_of_record
TN:
SF:/Users/samsularifin/Documents/Workshop React Native/ReactNativeTestingSample/src/MathHelper.js
FN:3,jumlah
FN:7,kurang
FNF:2
FNH:2
FNDA:3,jumlah
FNDA:3,kurang
DA:1,1
DA:2,1
DA:4,3
DA:8,3
DA:15,1
LF:5
LH:5
BRF:0
BRH:0
end_of_record
